<?xml version="1.0" encoding="UTF-8"?>
<!-- Generated by org.testng.reporters.JUnitXMLReporter -->
<testsuite hostname="SivaRajeshValluri" ignored="0" name="MyTestCases" tests="4" failures="1" timestamp="2021-05-28T06:40:25 IST" time="11.766" errors="0">
  <testcase name="mytestcase" time="0.02" classname="org.test.ng.mypackage.Mydemo">
    <failure type="org.junit.ComparisonFailure" message="expected:&amp;lt;[A]&amp;gt; but was:&amp;lt;[actuals]&amp;gt;">
      <![CDATA[org.junit.ComparisonFailure: expected:<[A]> but was:<[actuals]>
at org.junit.Assert.assertEquals(Assert.java:115)
at org.junit.Assert.assertEquals(Assert.java:144)
at org.test.ng.mypackage.Mydemo.mytestcase(Mydemo.java:18)
at java.util.ArrayList.forEach(Unknown Source)
... Removed 27 stack frames]]>
    </failure>
  </testcase> <!-- mytestcase -->
  <testcase name="myothertestcase" time="0.0" classname="org.test.ng.mypackage.Mydemo">
    <skipped/>
  </testcase> <!-- myothertestcase -->
  <testcase name="openurl" time="9.158" classname="org.test.ng.mypackage.seleniumtestng"/>
  <testcase name="countlinks" time="0.094" classname="org.test.ng.mypackage.seleniumtestng"/>
</testsuite> <!-- MyTestCases -->
